<!DOCTYPE html>

<html>
  <head>
  <meta charset='utf-8'>
  <title>TestNG reports</title>

    <link type="text/css" href="testng-reports.css" rel="stylesheet" />
    <script type="text/javascript" src="jquery-3.4.1.min.js"></script>
    <script type="text/javascript" src="testng-reports.js"></script>
    <script type="text/javascript" src="https://www.google.com/jsapi"></script>
    <script type='text/javascript'>
      google.load('visualization', '1', {packages:['table']});
      google.setOnLoadCallback(drawTable);
      var suiteTableInitFunctions = new Array();
      var suiteTableData = new Array();
    </script>
    <!--
      <script type="text/javascript" src="jquery-ui/js/jquery-ui-1.8.16.custom.min.js"></script>
     -->
  </head>

  <body>
    <div class="top-banner-root">
      <span class="top-banner-title-font">Test results</span>
      <br/>
      <span class="top-banner-font-1">1 suite, 2 failed tests</span>
    </div> <!-- top-banner-root -->
    <div class="navigator-root">
      <div class="navigator-suite-header">
        <span>All suites</span>
        <a href="#" class="collapse-all-link" title="Collapse/expand all the suites">
          <img class="collapse-all-icon" src="collapseall.gif">
          </img> <!-- collapse-all-icon -->
        </a> <!-- collapse-all-link -->
      </div> <!-- navigator-suite-header -->
      <div class="suite">
        <div class="rounded-window">
          <div class="suite-header light-rounded-window-top">
            <a href="#" class="navigator-link" panel-name="suite-Suite">
              <span class="suite-name border-failed">Suite</span>
            </a> <!-- navigator-link -->
          </div> <!-- suite-header light-rounded-window-top -->
          <div class="navigator-suite-content">
            <div class="suite-section-title">
              <span>Info</span>
            </div> <!-- suite-section-title -->
            <div class="suite-section-content">
              <ul>
                <li>
                  <a href="#" class="navigator-link " panel-name="test-xml-Suite">
                    <span>D:\IntellijProjects\AppiumTestNG\src\test\resources\testng.xml</span>
                  </a> <!-- navigator-link  -->
                </li>
                <li>
                  <a href="#" class="navigator-link " panel-name="testlist-Suite">
                    <span class="test-stats">1 test</span>
                  </a> <!-- navigator-link  -->
                </li>
                <li>
                  <a href="#" class="navigator-link " panel-name="group-Suite">
                    <span>1 group</span>
                  </a> <!-- navigator-link  -->
                </li>
                <li>
                  <a href="#" class="navigator-link " panel-name="times-Suite">
                    <span>Times</span>
                  </a> <!-- navigator-link  -->
                </li>
                <li>
                  <a href="#" class="navigator-link " panel-name="reporter-Suite">
                    <span>Reporter output</span>
                  </a> <!-- navigator-link  -->
                </li>
                <li>
                  <a href="#" class="navigator-link " panel-name="ignored-methods-Suite">
                    <span>Ignored methods</span>
                  </a> <!-- navigator-link  -->
                </li>
                <li>
                  <a href="#" class="navigator-link " panel-name="chronological-Suite">
                    <span>Chronological view</span>
                  </a> <!-- navigator-link  -->
                </li>
              </ul>
            </div> <!-- suite-section-content -->
            <div class="result-section">
              <div class="suite-section-title">
                <span>Results</span>
              </div> <!-- suite-section-title -->
              <div class="suite-section-content">
                <ul>
                  <li>
                    <span class="method-stats">5 methods, 2 failed,   3 passed</span>
                  </li>
                  <li>
                    <span class="method-list-title failed">Failed methods</span>
                    <span class="show-or-hide-methods failed">
                      <a href="#" panel-name="suite-Suite" class="hide-methods failed suite-Suite"> (hide)</a> <!-- hide-methods failed suite-Suite -->
                      <a href="#" panel-name="suite-Suite" class="show-methods failed suite-Suite"> (show)</a> <!-- show-methods failed suite-Suite -->
                    </span>
                    <div class="method-list-content failed suite-Suite">
                      <span>
                        <img width="3%" src="failed.png"/>
                        <a href="#" class="method navigator-link" panel-name="suite-Suite" title="com.qa.runners.MyTestNGRunnerTest" hash-for-method="scenario(&quot;Validate product info on Product Details page&quot;, &quot;Product scenarios&quot;)">scenario("Validate product info on Product Details page", "Product scenarios")</a> <!-- method navigator-link -->
                      </span>
                      <br/>
                      <span>
                        <img width="3%" src="failed.png"/>
                        <a href="#" class="method navigator-link" panel-name="suite-Suite" title="com.qa.runners.MyTestNGRunnerTest" hash-for-method="scenario(&quot;Validate product info on Products page&quot;, &quot;Product scenarios&quot;)">scenario("Validate product info on Products page", "Product scenarios")</a> <!-- method navigator-link -->
                      </span>
                      <br/>
                    </div> <!-- method-list-content failed suite-Suite -->
                  </li>
                  <li>
                    <span class="method-list-title passed">Passed methods</span>
                    <span class="show-or-hide-methods passed">
                      <a href="#" panel-name="suite-Suite" class="hide-methods passed suite-Suite"> (hide)</a> <!-- hide-methods passed suite-Suite -->
                      <a href="#" panel-name="suite-Suite" class="show-methods passed suite-Suite"> (show)</a> <!-- show-methods passed suite-Suite -->
                    </span>
                    <div class="method-list-content passed suite-Suite">
                      <span>
                        <img width="3%" src="passed.png"/>
                        <a href="#" class="method navigator-link" panel-name="suite-Suite" title="com.qa.runners.MyTestNGRunnerTest" hash-for-method="scenario(&quot;Login with invalid user name&quot;, &quot;Login scenarios&quot;)">scenario("Login with invalid user name", "Login scenarios")</a> <!-- method navigator-link -->
                      </span>
                      <br/>
                      <span>
                        <img width="3%" src="passed.png"/>
                        <a href="#" class="method navigator-link" panel-name="suite-Suite" title="com.qa.runners.MyTestNGRunnerTest" hash-for-method="scenario(&quot;Login with valid user name and password&quot;, &quot;Login scenarios&quot;)">scenario("Login with valid user name and password", "Login scenarios")</a> <!-- method navigator-link -->
                      </span>
                      <br/>
                      <span>
                        <img width="3%" src="passed.png"/>
                        <a href="#" class="method navigator-link" panel-name="suite-Suite" title="com.qa.runners.MyTestNGRunnerTest" hash-for-method="scenario(&quot;Login with invalid password&quot;, &quot;Login scenarios&quot;)">scenario("Login with invalid password", "Login scenarios")</a> <!-- method navigator-link -->
                      </span>
                      <br/>
                    </div> <!-- method-list-content passed suite-Suite -->
                  </li>
                </ul>
              </div> <!-- suite-section-content -->
            </div> <!-- result-section -->
          </div> <!-- navigator-suite-content -->
        </div> <!-- rounded-window -->
      </div> <!-- suite -->
    </div> <!-- navigator-root -->
    <div class="wrapper">
      <div class="main-panel-root">
        <div panel-name="suite-Suite" class="panel Suite">
          <div class="suite-Suite-class-failed">
            <div class="main-panel-header rounded-window-top">
              <img src="failed.png"/>
              <span class="class-name">com.qa.runners.MyTestNGRunnerTest</span>
            </div> <!-- main-panel-header rounded-window-top -->
            <div class="main-panel-content rounded-window-bottom">
              <div class="method">
                <div class="method-content">
                  <a name="scenario(&quot;Validate product info on Product Details page&quot;, &quot;Product scenarios&quot;)">
                  </a> <!-- scenario("Validate product info on Product Details page", "Product scenarios") -->
                  <span class="method-name">scenario</span>
                  <span class="parameters">("Validate product info on Product Details page", "Product scenarios")</span>
                  <div class="stack-trace">org.openqa.selenium.TimeoutException: Expected condition failed: waiting for visibility of Located by By.chained({By.AccessibilityId: test-Username}) (tried for 10 second(s) with 500 milliseconds interval)
	at org.openqa.selenium.support.ui.WebDriverWait.timeoutException(WebDriverWait.java:95)
	at org.openqa.selenium.support.ui.FluentWait.until(FluentWait.java:272)
	at com.qa.pages.BasePage.waitForVisibility(BasePage.java:34)
	at com.qa.pages.BasePage.clear(BasePage.java:43)
	at com.qa.pages.LoginPage.enterUserName(LoginPage.java:27)
	at com.qa.pages.LoginPage.login(LoginPage.java:44)
	at com.qa.stepdef.ProductStepDef.iMLoggedIn(ProductStepDef.java:15)
	at ✽.I&apos;m logged in(file:///D:/IntellijProjects/AppiumTestNG/src/test/resources/Products.feature:15)
Caused by: org.openqa.selenium.NoSuchElementException: Can&apos;t locate an element by this strategy: By.chained({By.AccessibilityId: test-Username})
	at io.appium.java_client.pagefactory.AppiumElementLocator.findElement(AppiumElementLocator.java:126)
	at io.appium.java_client.pagefactory.interceptors.InterceptorOfASingleElement.intercept(InterceptorOfASingleElement.java:59)
	at io.appium.java_client.android.AndroidElement$$EnhancerByCGLIB$$b598166c.isDisplayed(&lt;generated&gt;)
	at org.openqa.selenium.support.ui.ExpectedConditions.elementIfVisible(ExpectedConditions.java:314)
	at org.openqa.selenium.support.ui.ExpectedConditions.access$000(ExpectedConditions.java:43)
	at org.openqa.selenium.support.ui.ExpectedConditions$10.apply(ExpectedConditions.java:300)
	at org.openqa.selenium.support.ui.ExpectedConditions$10.apply(ExpectedConditions.java:297)
	at org.openqa.selenium.support.ui.FluentWait.until(FluentWait.java:249)
	at com.qa.pages.BasePage.waitForVisibility(BasePage.java:34)
	at com.qa.pages.BasePage.clear(BasePage.java:43)
	at com.qa.pages.LoginPage.enterUserName(LoginPage.java:27)
	at com.qa.pages.LoginPage.login(LoginPage.java:44)
	at com.qa.stepdef.ProductStepDef.iMLoggedIn(ProductStepDef.java:15)
	at io.cucumber.java.Invoker.invoke(Invoker.java:27)
	at io.cucumber.java.JavaStepDefinition.execute(JavaStepDefinition.java:27)
	at io.cucumber.core.runner.PickleStepDefinitionMatch.runStep(PickleStepDefinitionMatch.java:63)
	at io.cucumber.core.runner.TestStep.executeStep(TestStep.java:64)
	at io.cucumber.core.runner.TestStep.run(TestStep.java:49)
	at io.cucumber.core.runner.PickleStepTestStep.run(PickleStepTestStep.java:46)
	at io.cucumber.core.runner.TestCase.run(TestCase.java:51)
	at io.cucumber.core.runner.Runner.runPickle(Runner.java:67)
	at io.cucumber.testng.TestNGCucumberRunner.runScenario(TestNGCucumberRunner.java:124)
	at com.qa.runners.MyTestNGRunnerTest.scenario(MyTestNGRunnerTest.java:58)
	at java.util.ArrayList.forEach(ArrayList.java:1259)
Caused by: org.openqa.selenium.TimeoutException: Expected condition failed: waiting for io.appium.java_client.pagefactory.AppiumElementLocator$WaitingFunction@4eed2acf (tried for 1 second(s) with 500 milliseconds interval)
	at org.openqa.selenium.support.ui.FluentWait.timeoutException(FluentWait.java:304)
	at org.openqa.selenium.support.ui.FluentWait.until(FluentWait.java:272)
	at io.appium.java_client.pagefactory.AppiumElementLocator.waitFor(AppiumElementLocator.java:99)
	at io.appium.java_client.pagefactory.AppiumElementLocator.findElement(AppiumElementLocator.java:119)
	... 58 more
Caused by: org.openqa.selenium.NoSuchElementException: Cannot locate an element using By.chained({By.AccessibilityId: test-Username})
For documentation on this error, please visit: https://www.seleniumhq.org/exceptions/no_such_element.html
Build info: version: &apos;3.141.59&apos;, revision: &apos;e82be7d358&apos;, time: &apos;2018-11-14T08:17:03&apos;
System info: host: &apos;DESKTOP-KLS90KJ&apos;, ip: &apos;192.168.1.100&apos;, os.name: &apos;Windows 10&apos;, os.arch: &apos;amd64&apos;, os.version: &apos;10.0&apos;, java.version: &apos;1.8.0_291&apos;
Driver info: driver.version: AndroidDriver
	at io.appium.java_client.pagefactory.bys.builder.ByChained.findElement(ByChained.java:74)
	at org.openqa.selenium.remote.RemoteWebDriver.findElement(RemoteWebDriver.java:315)
	at io.appium.java_client.DefaultGenericMobileDriver.findElement(DefaultGenericMobileDriver.java:57)
	at io.appium.java_client.AppiumDriver.findElement(AppiumDriver.java:1)
	at io.appium.java_client.android.AndroidDriver.findElement(AndroidDriver.java:1)
	at io.appium.java_client.pagefactory.bys.ContentMappedBy.findElement(ContentMappedBy.java:50)
	at org.openqa.selenium.remote.RemoteWebDriver.findElement(RemoteWebDriver.java:315)
	at io.appium.java_client.DefaultGenericMobileDriver.findElement(DefaultGenericMobileDriver.java:57)
	at io.appium.java_client.AppiumDriver.findElement(AppiumDriver.java:1)
	at io.appium.java_client.android.AndroidDriver.findElement(AndroidDriver.java:1)
	at io.appium.java_client.pagefactory.AppiumElementLocator.lambda$0(AppiumElementLocator.java:120)
	at io.appium.java_client.pagefactory.AppiumElementLocator$WaitingFunction.apply(AppiumElementLocator.java:172)
	at io.appium.java_client.pagefactory.AppiumElementLocator$WaitingFunction.apply(AppiumElementLocator.java:1)
	at org.openqa.selenium.support.ui.FluentWait.until(FluentWait.java:249)
	... 60 more
... Removed 35 stack frames
</div> <!-- stack-trace -->
                  <em>
(Runs Cucumber Scenarios)                  </em>
                </div> <!-- method-content -->
              </div> <!-- method -->
              <div class="method">
                <div class="method-content">
                  <a name="scenario(&quot;Validate product info on Products page&quot;, &quot;Product scenarios&quot;)">
                  </a> <!-- scenario("Validate product info on Products page", "Product scenarios") -->
                  <span class="method-name">scenario</span>
                  <span class="parameters">("Validate product info on Products page", "Product scenarios")</span>
                  <div class="stack-trace">org.openqa.selenium.TimeoutException: Expected condition failed: waiting for visibility of Located by By.chained({By.AccessibilityId: test-Username}) (tried for 10 second(s) with 500 milliseconds interval)
	at org.openqa.selenium.support.ui.WebDriverWait.timeoutException(WebDriverWait.java:95)
	at org.openqa.selenium.support.ui.FluentWait.until(FluentWait.java:272)
	at com.qa.pages.BasePage.waitForVisibility(BasePage.java:34)
	at com.qa.pages.BasePage.clear(BasePage.java:43)
	at com.qa.pages.LoginPage.enterUserName(LoginPage.java:27)
	at com.qa.pages.LoginPage.login(LoginPage.java:44)
	at com.qa.stepdef.ProductStepDef.iMLoggedIn(ProductStepDef.java:15)
	at ✽.I&apos;m logged in(file:///D:/IntellijProjects/AppiumTestNG/src/test/resources/Products.feature:5)
Caused by: org.openqa.selenium.NoSuchElementException: Can&apos;t locate an element by this strategy: By.chained({By.AccessibilityId: test-Username})
	at io.appium.java_client.pagefactory.AppiumElementLocator.findElement(AppiumElementLocator.java:126)
	at io.appium.java_client.pagefactory.interceptors.InterceptorOfASingleElement.intercept(InterceptorOfASingleElement.java:59)
	at io.appium.java_client.android.AndroidElement$$EnhancerByCGLIB$$b598166c.isDisplayed(&lt;generated&gt;)
	at org.openqa.selenium.support.ui.ExpectedConditions.elementIfVisible(ExpectedConditions.java:314)
	at org.openqa.selenium.support.ui.ExpectedConditions.access$000(ExpectedConditions.java:43)
	at org.openqa.selenium.support.ui.ExpectedConditions$10.apply(ExpectedConditions.java:300)
	at org.openqa.selenium.support.ui.ExpectedConditions$10.apply(ExpectedConditions.java:297)
	at org.openqa.selenium.support.ui.FluentWait.until(FluentWait.java:249)
	at com.qa.pages.BasePage.waitForVisibility(BasePage.java:34)
	at com.qa.pages.BasePage.clear(BasePage.java:43)
	at com.qa.pages.LoginPage.enterUserName(LoginPage.java:27)
	at com.qa.pages.LoginPage.login(LoginPage.java:44)
	at com.qa.stepdef.ProductStepDef.iMLoggedIn(ProductStepDef.java:15)
	at io.cucumber.java.Invoker.invoke(Invoker.java:27)
	at io.cucumber.java.JavaStepDefinition.execute(JavaStepDefinition.java:27)
	at io.cucumber.core.runner.PickleStepDefinitionMatch.runStep(PickleStepDefinitionMatch.java:63)
	at io.cucumber.core.runner.TestStep.executeStep(TestStep.java:64)
	at io.cucumber.core.runner.TestStep.run(TestStep.java:49)
	at io.cucumber.core.runner.PickleStepTestStep.run(PickleStepTestStep.java:46)
	at io.cucumber.core.runner.TestCase.run(TestCase.java:51)
	at io.cucumber.core.runner.Runner.runPickle(Runner.java:67)
	at io.cucumber.testng.TestNGCucumberRunner.runScenario(TestNGCucumberRunner.java:124)
	at com.qa.runners.MyTestNGRunnerTest.scenario(MyTestNGRunnerTest.java:58)
	at java.util.ArrayList.forEach(ArrayList.java:1259)
Caused by: org.openqa.selenium.TimeoutException: Expected condition failed: waiting for io.appium.java_client.pagefactory.AppiumElementLocator$WaitingFunction@76f856a8 (tried for 1 second(s) with 500 milliseconds interval)
	at org.openqa.selenium.support.ui.FluentWait.timeoutException(FluentWait.java:304)
	at org.openqa.selenium.support.ui.FluentWait.until(FluentWait.java:272)
	at io.appium.java_client.pagefactory.AppiumElementLocator.waitFor(AppiumElementLocator.java:99)
	at io.appium.java_client.pagefactory.AppiumElementLocator.findElement(AppiumElementLocator.java:119)
	... 58 more
Caused by: org.openqa.selenium.NoSuchElementException: Cannot locate an element using By.chained({By.AccessibilityId: test-Username})
For documentation on this error, please visit: https://www.seleniumhq.org/exceptions/no_such_element.html
Build info: version: &apos;3.141.59&apos;, revision: &apos;e82be7d358&apos;, time: &apos;2018-11-14T08:17:03&apos;
System info: host: &apos;DESKTOP-KLS90KJ&apos;, ip: &apos;192.168.1.100&apos;, os.name: &apos;Windows 10&apos;, os.arch: &apos;amd64&apos;, os.version: &apos;10.0&apos;, java.version: &apos;1.8.0_291&apos;
Driver info: driver.version: AndroidDriver
	at io.appium.java_client.pagefactory.bys.builder.ByChained.findElement(ByChained.java:74)
	at org.openqa.selenium.remote.RemoteWebDriver.findElement(RemoteWebDriver.java:315)
	at io.appium.java_client.DefaultGenericMobileDriver.findElement(DefaultGenericMobileDriver.java:57)
	at io.appium.java_client.AppiumDriver.findElement(AppiumDriver.java:1)
	at io.appium.java_client.android.AndroidDriver.findElement(AndroidDriver.java:1)
	at io.appium.java_client.pagefactory.bys.ContentMappedBy.findElement(ContentMappedBy.java:50)
	at org.openqa.selenium.remote.RemoteWebDriver.findElement(RemoteWebDriver.java:315)
	at io.appium.java_client.DefaultGenericMobileDriver.findElement(DefaultGenericMobileDriver.java:57)
	at io.appium.java_client.AppiumDriver.findElement(AppiumDriver.java:1)
	at io.appium.java_client.android.AndroidDriver.findElement(AndroidDriver.java:1)
	at io.appium.java_client.pagefactory.AppiumElementLocator.lambda$0(AppiumElementLocator.java:120)
	at io.appium.java_client.pagefactory.AppiumElementLocator$WaitingFunction.apply(AppiumElementLocator.java:172)
	at io.appium.java_client.pagefactory.AppiumElementLocator$WaitingFunction.apply(AppiumElementLocator.java:1)
	at org.openqa.selenium.support.ui.FluentWait.until(FluentWait.java:249)
	... 60 more
... Removed 35 stack frames
</div> <!-- stack-trace -->
                  <em>
(Runs Cucumber Scenarios)                  </em>
                </div> <!-- method-content -->
              </div> <!-- method -->
            </div> <!-- main-panel-content rounded-window-bottom -->
          </div> <!-- suite-Suite-class-failed -->
          <div class="suite-Suite-class-passed">
            <div class="main-panel-header rounded-window-top">
              <img src="passed.png"/>
              <span class="class-name">com.qa.runners.MyTestNGRunnerTest</span>
            </div> <!-- main-panel-header rounded-window-top -->
            <div class="main-panel-content rounded-window-bottom">
              <div class="method">
                <div class="method-content">
                  <a name="scenario(&quot;Login with invalid user name&quot;, &quot;Login scenarios&quot;)">
                  </a> <!-- scenario("Login with invalid user name", "Login scenarios") -->
                  <span class="method-name">scenario</span>
                  <span class="parameters">("Login with invalid user name", "Login scenarios")</span>
                  <em>
(Runs Cucumber Scenarios)                  </em>
                </div> <!-- method-content -->
              </div> <!-- method -->
              <div class="method">
                <div class="method-content">
                  <a name="scenario(&quot;Login with valid user name and password&quot;, &quot;Login scenarios&quot;)">
                  </a> <!-- scenario("Login with valid user name and password", "Login scenarios") -->
                  <span class="method-name">scenario</span>
                  <span class="parameters">("Login with valid user name and password", "Login scenarios")</span>
                  <em>
(Runs Cucumber Scenarios)                  </em>
                </div> <!-- method-content -->
              </div> <!-- method -->
              <div class="method">
                <div class="method-content">
                  <a name="scenario(&quot;Login with invalid password&quot;, &quot;Login scenarios&quot;)">
                  </a> <!-- scenario("Login with invalid password", "Login scenarios") -->
                  <span class="method-name">scenario</span>
                  <span class="parameters">("Login with invalid password", "Login scenarios")</span>
                  <em>
(Runs Cucumber Scenarios)                  </em>
                </div> <!-- method-content -->
              </div> <!-- method -->
            </div> <!-- main-panel-content rounded-window-bottom -->
          </div> <!-- suite-Suite-class-passed -->
        </div> <!-- panel Suite -->
        <div panel-name="test-xml-Suite" class="panel">
          <div class="main-panel-header rounded-window-top">
            <span class="header-content">D:\IntellijProjects\AppiumTestNG\src\test\resources\testng.xml</span>
          </div> <!-- main-panel-header rounded-window-top -->
          <div class="main-panel-content rounded-window-bottom">
            <pre>
&lt;?xml version=&quot;1.0&quot; encoding=&quot;UTF-8&quot;?&gt;
&lt;!DOCTYPE suite SYSTEM &quot;https://testng.org/testng-1.0.dtd&quot;&gt;
&lt;suite guice-stage=&quot;DEVELOPMENT&quot; verbose=&quot;0&quot; name=&quot;Suite&quot;&gt;
  &lt;test thread-count=&quot;5&quot; verbose=&quot;0&quot; name=&quot;Pixel3&quot;&gt;
    &lt;parameter name=&quot;chromeDriverPort&quot; value=&quot;11000&quot;/&gt;
    &lt;parameter name=&quot;platformName&quot; value=&quot;Android&quot;/&gt;
    &lt;parameter name=&quot;udid&quot; value=&quot;emulator-5554&quot;/&gt;
    &lt;parameter name=&quot;deviceName&quot; value=&quot;pixel_4a_API_30&quot;/&gt;
    &lt;parameter name=&quot;systemPort&quot; value=&quot;10000&quot;/&gt;
    &lt;classes&gt;
      &lt;class name=&quot;com.qa.runners.MyTestNGRunnerTest&quot;/&gt;
    &lt;/classes&gt;
  &lt;/test&gt; &lt;!-- Pixel3 --&gt;
&lt;/suite&gt; &lt;!-- Suite --&gt;
            </pre>
          </div> <!-- main-panel-content rounded-window-bottom -->
        </div> <!-- panel -->
        <div panel-name="testlist-Suite" class="panel">
          <div class="main-panel-header rounded-window-top">
            <span class="header-content">Tests for Suite</span>
          </div> <!-- main-panel-header rounded-window-top -->
          <div class="main-panel-content rounded-window-bottom">
            <ul>
              <li>
                <span class="test-name">Pixel3 (1 class)</span>
              </li>
            </ul>
          </div> <!-- main-panel-content rounded-window-bottom -->
        </div> <!-- panel -->
        <div panel-name="group-Suite" class="panel">
          <div class="main-panel-header rounded-window-top">
            <span class="header-content">Groups for Suite</span>
          </div> <!-- main-panel-header rounded-window-top -->
          <div class="main-panel-content rounded-window-bottom">
            <div class="test-group">
              <span class="test-group-name">cucumber</span>
              <br/>
              <div class="method-in-group">
                <span class="method-in-group-name">scenario</span>
                <br/>
              </div> <!-- method-in-group -->
            </div> <!-- test-group -->
          </div> <!-- main-panel-content rounded-window-bottom -->
        </div> <!-- panel -->
        <div panel-name="times-Suite" class="panel">
          <div class="main-panel-header rounded-window-top">
            <span class="header-content">Times for Suite</span>
          </div> <!-- main-panel-header rounded-window-top -->
          <div class="main-panel-content rounded-window-bottom">
            <div class="times-div">
              <script type="text/javascript">
suiteTableInitFunctions.push('tableData_Suite');
function tableData_Suite() {
var data = new google.visualization.DataTable();
data.addColumn('number', 'Number');
data.addColumn('string', 'Method');
data.addColumn('string', 'Class');
data.addColumn('number', 'Time (ms)');
data.addRows(5);
data.setCell(0, 0, 0)
data.setCell(0, 1, 'scenario')
data.setCell(0, 2, 'com.qa.runners.MyTestNGRunnerTest')
data.setCell(0, 3, 15053);
data.setCell(1, 0, 1)
data.setCell(1, 1, 'scenario')
data.setCell(1, 2, 'com.qa.runners.MyTestNGRunnerTest')
data.setCell(1, 3, 14775);
data.setCell(2, 0, 2)
data.setCell(2, 1, 'scenario')
data.setCell(2, 2, 'com.qa.runners.MyTestNGRunnerTest')
data.setCell(2, 3, 9370);
data.setCell(3, 0, 3)
data.setCell(3, 1, 'scenario')
data.setCell(3, 2, 'com.qa.runners.MyTestNGRunnerTest')
data.setCell(3, 3, 9118);
data.setCell(4, 0, 4)
data.setCell(4, 1, 'scenario')
data.setCell(4, 2, 'com.qa.runners.MyTestNGRunnerTest')
data.setCell(4, 3, 6077);
window.suiteTableData['Suite']= { tableData: data, tableDiv: 'times-div-Suite'}
return data;
}
              </script>
              <span class="suite-total-time">Total running time: 54 seconds</span>
              <div id="times-div-Suite">
              </div> <!-- times-div-Suite -->
            </div> <!-- times-div -->
          </div> <!-- main-panel-content rounded-window-bottom -->
        </div> <!-- panel -->
        <div panel-name="reporter-Suite" class="panel">
          <div class="main-panel-header rounded-window-top">
            <span class="header-content">Reporter output for Suite</span>
          </div> <!-- main-panel-header rounded-window-top -->
          <div class="main-panel-content rounded-window-bottom">
          </div> <!-- main-panel-content rounded-window-bottom -->
        </div> <!-- panel -->
        <div panel-name="ignored-methods-Suite" class="panel">
          <div class="main-panel-header rounded-window-top">
            <span class="header-content">0 ignored methods</span>
          </div> <!-- main-panel-header rounded-window-top -->
          <div class="main-panel-content rounded-window-bottom">
          </div> <!-- main-panel-content rounded-window-bottom -->
        </div> <!-- panel -->
        <div panel-name="chronological-Suite" class="panel">
          <div class="main-panel-header rounded-window-top">
            <span class="header-content">Methods in chronological order</span>
          </div> <!-- main-panel-header rounded-window-top -->
          <div class="main-panel-content rounded-window-bottom">
            <div class="chronological-class">
              <div class="chronological-class-name">com.qa.runners.MyTestNGRunnerTest</div> <!-- chronological-class-name -->
              <div class="configuration-class before">
                <span class="method-name">setUpClass(Android, emulator-5554, pixel_4a_API_30, 10000, 11000, iOS, iOS)</span>
                <span class="method-start">0 ms</span>
              </div> <!-- configuration-class before -->
              <div class="test-method">
                <span class="method-name">scenario("Login with invalid user name", "Login scenarios")</span>
                <span class="method-start">21869 ms</span>
              </div> <!-- test-method -->
              <div class="test-method">
                <span class="method-name">scenario("Login with invalid password", "Login scenarios")</span>
                <span class="method-start">31243 ms</span>
              </div> <!-- test-method -->
              <div class="test-method">
                <span class="method-name">scenario("Login with valid user name and password", "Login scenarios")</span>
                <span class="method-start">37323 ms</span>
              </div> <!-- test-method -->
              <div class="test-method">
                <img src="failed.png">
                </img>
                <span class="method-name">scenario("Validate product info on Products page", "Product scenarios")</span>
                <span class="method-start">46442 ms</span>
              </div> <!-- test-method -->
              <div class="test-method">
                <img src="failed.png">
                </img>
                <span class="method-name">scenario("Validate product info on Product Details page", "Product scenarios")</span>
                <span class="method-start">61504 ms</span>
              </div> <!-- test-method -->
              <div class="configuration-class after">
                <span class="method-name">tearDownClass</span>
                <span class="method-start">76301 ms</span>
              </div> <!-- configuration-class after -->
          </div> <!-- main-panel-content rounded-window-bottom -->
        </div> <!-- panel -->
      </div> <!-- main-panel-root -->
    </div> <!-- wrapper -->
  </body>
</html>
